config     DEBUG include /home/phil/dev/projects/agx.dev/devsrc/agx.core/src/agx/core/configure.zcml
config     DEBUG include /home/phil/dev/projects/agx.dev/eggs/zope.component-4.0.2-py2.7.egg/zope/component/meta.zcml
config     DEBUG include /home/phil/dev/projects/agx.dev/devsrc/agx.core/src/agx/core/meta.zcml
main       INFO  AGX 3.0-dev - (c) BlueDynamics Alliance, http://bluedynamics.com, GPL 2
main       INFO  Generator started at 23:28:58 2013-01-11.
main       INFO  generating model: /home/phil/dev/projects/agx.dev/devsrc/agx.generator.generator/model.uml
main       INFO  using profiles: ['/home/phil/dev/projects/agx.dev/devsrc/agx.generator.pyegg/src/agx/generator/pyegg/profiles/pyegg.profile.uml', '/home/phil/dev/projects/agx.dev/devsrc/agx.generator.zca/src/agx/generator/zca/profiles/zca.profile.uml', '/home/phil/dev/projects/agx.dev/devsrc/agx.generator.generator/src/agx/generator/generator/profiles/generator.profile.uml']
main       INFO  generating into: /home/phil/dev/projects/agx.dev/devsrc/agx.generator.generator
config     DEBUG include /home/phil/dev/projects/agx.dev/devsrc/agx.generator.generator/src/agx/generator/generator/configure.zcml
config     DEBUG include /home/phil/dev/projects/agx.dev/devsrc/agx.generator.pyegg/src/agx/generator/pyegg/configure.zcml
config     DEBUG include /home/phil/dev/projects/agx.dev/devsrc/agx.transform.uml2fs/src/agx/transform/uml2fs/configure.zcml
config     DEBUG include /home/phil/dev/projects/agx.dev/devsrc/agx.generator.sql/src/agx/generator/sql/configure.zcml
config     DEBUG include /home/phil/dev/projects/agx.dev/devsrc/agx.generator.dexterity/src/agx/generator/dexterity/configure.zcml
config     DEBUG include /home/phil/dev/projects/agx.dev/devsrc/agx.generator.plone/src/agx/generator/plone/configure.zcml
config     DEBUG include /home/phil/dev/projects/agx.dev/devsrc/agx.generator.zca/src/agx/generator/zca/configure.zcml
config     DEBUG include /home/phil/dev/projects/agx.dev/devsrc/agx.generator.buildout/src/agx/generator/buildout/configure.zcml
config     DEBUG include /home/phil/dev/projects/agx.dev/devsrc/agx.generator.uml/src/agx/generator/uml/configure.zcml
config     DEBUG include /home/phil/dev/projects/agx.dev/devsrc/agx.transform.xmi2uml/src/agx/transform/xmi2uml/configure.zcml
config     DEBUG include /home/phil/dev/projects/agx.dev/devsrc/node.ext.xmi/src/node/ext/xmi/configure.zcml
config     DEBUG include /home/phil/dev/projects/agx.dev/devsrc/node.ext.xml/src/node/ext/xml/configure.zcml
main       INFO  Generator run took 11.26 sec.
